<?xml version="1.0" encoding="utf-8"?><testsuites><testsuite name="pytest" errors="0" failures="0" skipped="0" tests="267" time="510.089" timestamp="2026-06-16T22:52:42.800200" hostname="ARAGONDARMs-MacBook-Air.local"><testcase classname="api.test_api_functional.TestAuthentication" name="test_TC001_server_health_check" time="0.040" /><testcase classname="api.test_api_functional.TestAuthentication" name="test_TC002_health_endpoint" time="0.128" /><testcase classname="api.test_api_functional.TestAuthentication" name="test_TC003_register_new_user_success" time="0.055" /><testcase classname="api.test_api_functional.TestAuthentication" name="test_TC004_register_duplicate_email_returns_400" time="0.030" /><testcase classname="api.test_api_functional.TestAuthentication" name="test_TC005_register_empty_name_fails" time="0.004" /><testcase classname="api.test_api_functional.TestAuthentication" name="test_TC006_register_invalid_password_too_short" time="0.005" /><testcase classname="api.test_api_functional.TestAuthentication" name="test_TC007_login_valid_credentials" time="0.024" /><testcase classname="api.test_api_functional.TestAuthentication" name="test_TC008_login_wrong_password_returns_401" time="0.008" /><testcase classname="api.test_api_functional.TestAuthentication" name="test_TC009_login_nonexistent_email_returns_401" time="0.004" /><testcase classname="api.test_api_functional.TestAuthentication" name="test_TC010_login_returns_user_profile_fields" time="0.008" /><testcase classname="api.test_api_functional.TestUserProfile" name="test_TC011_get_me_authenticated" time="0.003" /><testcase classname="api.test_api_functional.TestUserProfile" name="test_TC012_get_me_no_token_returns_401" time="0.003" /><testcase classname="api.test_api_functional.TestUserProfile" name="test_TC013_get_me_invalid_token_returns_401" time="0.003" /><testcase classname="api.test_api_functional.TestUserProfile" name="test_TC014_update_profile_name" time="0.012" /><testcase classname="api.test_api_functional.TestUserProfile" name="test_TC015_update_profile_organization" time="0.005" /><testcase classname="api.test_api_functional.TestUserProfile" name="test_TC016_update_profile_role_field" time="0.005" /><testcase classname="api.test_api_functional.TestUserProfile" name="test_TC017_update_profile_department" time="0.004" /><testcase classname="api.test_api_functional.TestUserProfile" name="test_TC018_update_profile_multiple_fields" time="0.004" /><testcase classname="api.test_api_functional.TestUserProfile" name="test_TC019_update_profile_empty_body_returns_success" time="0.003" /><testcase classname="api.test_api_functional.TestUserProfile" name="test_TC020_forgot_password_unknown_email" time="0.004" /><testcase classname="api.test_api_functional.TestReportUpload" name="test_TC021_upload_without_token_returns_401" time="0.028" /><testcase classname="api.test_api_functional.TestReportUpload" name="test_TC022_upload_valid_pdf" time="12.752" /><testcase classname="api.test_api_functional.TestReportUpload" name="test_TC023_upload_txt_report" time="12.780" /><testcase classname="api.test_api_functional.TestReportUpload" name="test_TC024_upload_with_report_type_radiology" time="0.108" /><testcase classname="api.test_api_functional.TestReportUpload" name="test_TC025_upload_no_file_returns_error" time="0.011" /><testcase classname="api.test_api_functional.TestReportUpload" name="test_TC026_upload_wrong_mime_type_rejected" time="0.008" /><testcase classname="api.test_api_functional.TestReportUpload" name="test_TC027_upload_response_contains_report_id" time="1.214" /><testcase classname="api.test_api_functional.TestReportUpload" name="test_TC028_upload_response_time_under_60s" time="1.109" /><testcase classname="api.test_api_functional.TestReportUpload" name="test_TC029_upload_large_report_type_auto" time="0.096" /><testcase classname="api.test_api_functional.TestReportUpload" name="test_TC030_upload_operative_notes" time="1.155" /><testcase classname="api.test_api_functional.TestDashboard" name="test_TC031_get_dashboard_stats_authenticated" time="0.014" /><testcase classname="api.test_api_functional.TestDashboard" name="test_TC032_dashboard_stats_contains_required_keys" time="0.008" /><testcase classname="api.test_api_functional.TestDashboard" name="test_TC033_dashboard_stats_unauthenticated_returns_401" time="0.005" /><testcase classname="api.test_api_functional.TestDashboard" name="test_TC034_reports_history_returns_list" time="0.008" /><testcase classname="api.test_api_functional.TestDashboard" name="test_TC035_reports_history_limit_respected" time="0.005" /><testcase classname="api.test_api_functional.TestDashboard" name="test_TC036_alerts_endpoint_returns_200" time="0.008" /><testcase classname="api.test_api_functional.TestDashboard" name="test_TC037_user_stats_endpoint" time="0.005" /><testcase classname="api.test_api_functional.TestDashboard" name="test_TC038_stats_response_not_500" time="0.008" /><testcase classname="api.test_api_functional.TestDashboard" name="test_TC039_history_without_token_rejected" time="0.004" /><testcase classname="api.test_api_functional.TestDashboard" name="test_TC040_multiple_concurrent_stats_requests" time="0.450" /><testcase classname="api.test_api_functional.TestValidationSecurity" name="test_TC041_sql_injection_in_login_email" time="0.011" /><testcase classname="api.test_api_functional.TestValidationSecurity" name="test_TC042_sql_injection_in_login_password" time="0.009" /><testcase classname="api.test_api_functional.TestValidationSecurity" name="test_TC043_xss_in_profile_name" time="0.026" /><testcase classname="api.test_api_functional.TestValidationSecurity" name="test_TC044_very_long_email_rejected" time="0.003" /><testcase classname="api.test_api_functional.TestValidationSecurity" name="test_TC045_empty_login_payload" time="0.003" /><testcase classname="api.test_api_functional.TestValidationSecurity" name="test_TC046_login_missing_password_field" time="0.004" /><testcase classname="api.test_api_functional.TestValidationSecurity" name="test_TC047_login_missing_email_field" time="0.004" /><testcase classname="api.test_api_functional.TestValidationSecurity" name="test_TC048_bearer_token_not_in_response_header" time="0.054" /><testcase classname="api.test_api_functional.TestValidationSecurity" name="test_TC049_content_type_json_required" time="0.006" /><testcase classname="api.test_api_functional.TestValidationSecurity" name="test_TC050_api_returns_json_content_type" time="0.005" /><testcase classname="api.test_uiux_validation.TestAPIShapeDeployability" name="test_TC111_root_endpoint_returns_api_message" time="0.003" /><testcase classname="api.test_uiux_validation.TestAPIShapeDeployability" name="test_TC112_health_check_status_ok" time="0.005" /><testcase classname="api.test_uiux_validation.TestAPIShapeDeployability" name="test_TC113_server_response_time_under_2s" time="0.003" /><testcase classname="api.test_uiux_validation.TestAPIShapeDeployability" name="test_TC114_auth_register_returns_correct_shape" time="0.005" /><testcase classname="api.test_uiux_validation.TestAPIShapeDeployability" name="test_TC115_login_response_token_type_is_bearer" time="0.010" /><testcase classname="api.test_uiux_validation.TestAPIShapeDeployability" name="test_TC116_cors_headers_present" time="0.003" /><testcase classname="api.test_uiux_validation.TestAPIShapeDeployability" name="test_TC117_422_response_has_validation_errors_key" time="0.003" /><testcase classname="api.test_uiux_validation.TestAPIShapeDeployability" name="test_TC118_register_response_user_has_id_and_email" time="0.005" /><testcase classname="api.test_uiux_validation.TestAPIShapeDeployability" name="test_TC119_login_returns_200_for_valid_user" time="0.000" /><testcase classname="api.test_uiux_validation.TestAPIShapeDeployability" name="test_TC120_profile_update_returns_updated_user" time="0.012" /><testcase classname="api.test_uiux_validation.TestReviewQueueAIPerformance" name="test_TC121_pending_reviews_endpoint_accessible" time="0.093" /><testcase classname="api.test_uiux_validation.TestReviewQueueAIPerformance" name="test_TC122_reviews_endpoint_returns_list_or_dict" time="0.054" /><testcase classname="api.test_uiux_validation.TestReviewQueueAIPerformance" name="test_TC123_approve_nonexistent_review_returns_404" time="0.027" /><testcase classname="api.test_uiux_validation.TestReviewQueueAIPerformance" name="test_TC124_reject_nonexistent_review_returns_404" time="0.012" /><testcase classname="api.test_uiux_validation.TestReviewQueueAIPerformance" name="test_TC125_ai_assistant_endpoint_accessible" time="0.004" /><testcase classname="api.test_uiux_validation.TestReviewQueueAIPerformance" name="test_TC126_assistant_without_message_returns_error" time="0.014" /><testcase classname="api.test_uiux_validation.TestReviewQueueAIPerformance" name="test_TC127_reports_results_nonexistent_id" time="0.008" /><testcase classname="api.test_uiux_validation.TestReviewQueueAIPerformance" name="test_TC128_flag_nonexistent_report_returns_404" time="0.005" /><testcase classname="api.test_uiux_validation.TestReviewQueueAIPerformance" name="test_TC129_api_response_never_returns_500_on_bad_input" time="0.002" /><testcase classname="api.test_uiux_validation.TestReviewQueueAIPerformance" name="test_TC130_multiple_sequential_logins_all_succeed" time="0.021" /><testcase classname="unit.test_unit.TestMimeTypeInference" name="test_TC051_pdf_extension_returns_correct_mime" time="0.000" /><testcase classname="unit.test_unit.TestMimeTypeInference" name="test_TC052_docx_extension_returns_correct_mime" time="0.000" /><testcase classname="unit.test_unit.TestMimeTypeInference" name="test_TC053_doc_extension_returns_msword" time="0.000" /><testcase classname="unit.test_unit.TestMimeTypeInference" name="test_TC054_txt_extension_returns_text_plain" time="0.000" /><testcase classname="unit.test_unit.TestMimeTypeInference" name="test_TC055_unknown_extension_defaults_to_pdf" time="0.001" /><testcase classname="unit.test_unit.TestMimeTypeInference" name="test_TC056_uppercase_extension_handled" time="0.000" /><testcase classname="unit.test_unit.TestMimeTypeInference" name="test_TC057_no_extension_defaults_to_pdf" time="0.000" /><testcase classname="unit.test_unit.TestMimeTypeInference" name="test_TC058_multiple_dots_uses_last_segment" time="0.000" /><testcase classname="unit.test_unit.TestMimeTypeInference" name="test_TC059_empty_filename_defaults_to_pdf" time="0.000" /><testcase classname="unit.test_unit.TestMimeTypeInference" name="test_TC060_txt_is_not_pdf" time="0.000" /><testcase classname="unit.test_unit.TestPasswordHashing" name="test_TC061_same_password_same_hash" time="0.000" /><testcase classname="unit.test_unit.TestPasswordHashing" name="test_TC062_different_passwords_different_hashes" time="0.000" /><testcase classname="unit.test_unit.TestPasswordHashing" name="test_TC063_hash_is_64_chars_hex" time="0.000" /><testcase classname="unit.test_unit.TestPasswordHashing" name="test_TC064_case_sensitive_passwords" time="0.000" /><testcase classname="unit.test_unit.TestPasswordHashing" name="test_TC065_empty_password_has_valid_hash" time="0.000" /><testcase classname="unit.test_unit.TestFileSizeFormatting" name="test_TC066_bytes_less_than_1mb_shown_as_kb" time="0.000" /><testcase classname="unit.test_unit.TestFileSizeFormatting" name="test_TC067_bytes_over_1mb_shown_as_mb" time="0.000" /><testcase classname="unit.test_unit.TestFileSizeFormatting" name="test_TC068_exactly_1mb_shown_as_mb" time="0.000" /><testcase classname="unit.test_unit.TestFileSizeFormatting" name="test_TC069_zero_bytes_returns_0_kb" time="0.000" /><testcase classname="unit.test_unit.TestFileSizeFormatting" name="test_TC070_1kb_file_displayed_correctly" time="0.000" /><testcase classname="unit.test_unit.TestCodeValidation" name="test_TC071_valid_icd10_code_i10" time="0.000" /><testcase classname="unit.test_unit.TestCodeValidation" name="test_TC072_valid_icd10_with_decimal" time="0.000" /><testcase classname="unit.test_unit.TestCodeValidation" name="test_TC073_invalid_icd10_lowercase" time="0.000" /><testcase classname="unit.test_unit.TestCodeValidation" name="test_TC074_valid_cpt_code_5_digits" time="0.000" /><testcase classname="unit.test_unit.TestCodeValidation" name="test_TC075_invalid_cpt_less_than_5_digits" time="0.000" /><testcase classname="unit.test_unit.TestGreetingLogic" name="test_TC076_morning_greeting_at_0" time="0.001" /><testcase classname="unit.test_unit.TestGreetingLogic" name="test_TC077_morning_greeting_at_11" time="0.000" /><testcase classname="unit.test_unit.TestGreetingLogic" name="test_TC078_afternoon_greeting_at_12" time="0.000" /><testcase classname="unit.test_unit.TestGreetingLogic" name="test_TC079_afternoon_greeting_at_16" time="0.000" /><testcase classname="unit.test_unit.TestGreetingLogic" name="test_TC080_evening_greeting_at_17" time="0.000" /><testcase classname="unit.test_unit.TestAdditionalUnitTests" name="test_TCU081_jwt_structure_three_parts" time="0.000" /><testcase classname="unit.test_unit.TestAdditionalUnitTests" name="test_TCU082_jwt_header_contains_alg" time="0.002" /><testcase classname="unit.test_unit.TestAdditionalUnitTests" name="test_TCU083_iso_date_format_valid" time="0.001" /><testcase classname="unit.test_unit.TestAdditionalUnitTests" name="test_TCU084_email_format_validation" time="0.000" /><testcase classname="unit.test_unit.TestAdditionalUnitTests" name="test_TCU085_report_type_enum_validation" time="0.000" /><testcase classname="unit.test_unit.TestAdditionalUnitTests" name="test_TCU086_password_strength_validation" time="0.000" /><testcase classname="unit.test_unit.TestAdditionalUnitTests" name="test_TCU087_file_extension_whitelist" time="0.000" /><testcase classname="unit.test_unit.TestAdditionalUnitTests" name="test_TCU088_sanitize_html_strips_script_tags" time="0.000" /><testcase classname="unit.test_unit.TestAdditionalUnitTests" name="test_TCU089_uuid_format_validation" time="0.000" /><testcase classname="unit.test_unit.TestAdditionalUnitTests" name="test_TCU090_percentage_calculation" time="0.000" /><testcase classname="functional.test_functionality.TestRegistrationLoginJourney" name="test_TCF001_full_registration_flow" time="0.009" /><testcase classname="functional.test_functionality.TestRegistrationLoginJourney" name="test_TCF002_login_after_registration" time="0.012" /><testcase classname="functional.test_functionality.TestRegistrationLoginJourney" name="test_TCF003_token_can_access_protected_endpoint" time="0.009" /><testcase classname="functional.test_functionality.TestRegistrationLoginJourney" name="test_TCF004_profile_data_matches_registration" time="0.006" /><testcase classname="functional.test_functionality.TestRegistrationLoginJourney" name="test_TCF005_update_profile_then_verify" time="0.011" /><testcase classname="functional.test_functionality.TestRegistrationLoginJourney" name="test_TCF006_multiple_profile_fields_updated_atomically" time="0.008" /><testcase classname="functional.test_functionality.TestRegistrationLoginJourney" name="test_TCF007_login_returns_user_id_and_email" time="0.007" /><testcase classname="functional.test_functionality.TestRegistrationLoginJourney" name="test_TCF008_token_type_is_bearer" time="0.003" /><testcase classname="functional.test_functionality.TestRegistrationLoginJourney" name="test_TCF009_same_user_can_login_multiple_times" time="0.012" /><testcase classname="functional.test_functionality.TestRegistrationLoginJourney" name="test_TCF010_old_token_still_works_after_new_login" time="0.010" /><testcase classname="functional.test_functionality.TestReportUploadWorkflow" name="test_TCF011_pdf_upload_returns_200" time="0.133" /><testcase classname="functional.test_functionality.TestReportUploadWorkflow" name="test_TCF012_txt_upload_returns_200" time="1.270" /><testcase classname="functional.test_functionality.TestReportUploadWorkflow" name="test_TCF013_upload_response_contains_report_id" time="0.102" /><testcase classname="functional.test_functionality.TestReportUploadWorkflow" name="test_TCF014_upload_history_increases_after_upload" time="2.103" /><testcase classname="functional.test_functionality.TestReportUploadWorkflow" name="test_TCF015_all_six_report_types_accepted" time="6.037" /><testcase classname="functional.test_functionality.TestReportUploadWorkflow" name="test_TCF016_upload_without_auth_rejected" time="0.005" /><testcase classname="functional.test_functionality.TestReportUploadWorkflow" name="test_TCF017_upload_completes_within_60s" time="0.087" /><testcase classname="functional.test_functionality.TestReportUploadWorkflow" name="test_TCF018_results_endpoint_reachable_after_upload" time="5.109" /><testcase classname="functional.test_functionality.TestReportUploadWorkflow" name="test_TCF019_upload_no_file_field_returns_error" time="0.022" /><testcase classname="functional.test_functionality.TestReportUploadWorkflow" name="test_TCF020_two_users_uploads_isolated" time="2.427" /><testcase classname="functional.test_functionality.TestDashboardStatsFunctionality" name="test_TCF021_dashboard_stats_returns_dict" time="0.016" /><testcase classname="functional.test_functionality.TestDashboardStatsFunctionality" name="test_TCF022_stats_values_are_non_negative" time="0.021" /><testcase classname="functional.test_functionality.TestDashboardStatsFunctionality" name="test_TCF023_stats_consistent_across_calls" time="0.013" /><testcase classname="functional.test_functionality.TestDashboardStatsFunctionality" name="test_TCF024_history_returns_list_or_dict" time="0.012" /><testcase classname="functional.test_functionality.TestDashboardStatsFunctionality" name="test_TCF025_history_limit_param_respected" time="0.010" /><testcase classname="functional.test_functionality.TestDashboardStatsFunctionality" name="test_TCF026_stats_not_exposed_without_auth" time="0.003" /><testcase classname="functional.test_functionality.TestDashboardStatsFunctionality" name="test_TCF027_alerts_endpoint_returns_valid_response" time="0.008" /><testcase classname="functional.test_functionality.TestDashboardStatsFunctionality" name="test_TCF028_user_stats_endpoint_not_500" time="0.011" /><testcase classname="functional.test_functionality.TestDashboardStatsFunctionality" name="test_TCF029_concurrent_dashboard_requests" time="0.056" /><testcase classname="functional.test_functionality.TestDashboardStatsFunctionality" name="test_TCF030_stats_response_time_acceptable" time="0.009" /><testcase classname="functional.test_functionality.TestReviewWorkflow" name="test_TCF031_pending_reviews_endpoint_accessible" time="0.012" /><testcase classname="functional.test_functionality.TestReviewWorkflow" name="test_TCF032_approve_nonexistent_review_returns_404" time="0.008" /><testcase classname="functional.test_functionality.TestReviewWorkflow" name="test_TCF033_reject_nonexistent_review_returns_404" time="0.008" /><testcase classname="functional.test_functionality.TestReviewWorkflow" name="test_TCF034_reviews_endpoint_requires_auth" time="0.002" /><testcase classname="functional.test_functionality.TestReviewWorkflow" name="test_TCF035_results_for_nonexistent_report_returns_404" time="0.008" /><testcase classname="functional.test_functionality.TestReviewWorkflow" name="test_TCF036_flag_nonexistent_report_returns_404" time="0.009" /><testcase classname="functional.test_functionality.TestReviewWorkflow" name="test_TCF037_two_users_review_isolation" time="0.025" /><testcase classname="functional.test_functionality.TestReviewWorkflow" name="test_TCF038_review_response_is_json" time="0.012" /><testcase classname="functional.test_functionality.TestReviewWorkflow" name="test_TCF039_report_flag_not_500" time="0.007" /><testcase classname="functional.test_functionality.TestReviewWorkflow" name="test_TCF040_review_approve_reject_not_500" time="0.009" /><testcase classname="functional.test_functionality.TestAIAssistantAndEdgeCases" name="test_TCF041_ai_assistant_endpoint_reachable" time="0.007" /><testcase classname="functional.test_functionality.TestAIAssistantAndEdgeCases" name="test_TCF042_ai_assistant_empty_message_rejected" time="0.009" /><testcase classname="functional.test_functionality.TestAIAssistantAndEdgeCases" name="test_TCF043_ai_assistant_requires_auth" time="0.004" /><testcase classname="functional.test_functionality.TestAIAssistantAndEdgeCases" name="test_TCF044_malformed_json_does_not_crash_server" time="0.005" /><testcase classname="functional.test_functionality.TestAIAssistantAndEdgeCases" name="test_TCF045_five_sequential_logins_all_succeed" time="0.040" /><testcase classname="functional.test_functionality.TestAIAssistantAndEdgeCases" name="test_TCF046_concurrent_registrations_no_collision" time="0.011" /><testcase classname="functional.test_functionality.TestAIAssistantAndEdgeCases" name="test_TCF047_sql_injection_in_register_email_safe" time="0.003" /><testcase classname="functional.test_functionality.TestAIAssistantAndEdgeCases" name="test_TCF048_xss_in_name_stored_safely" time="0.008" /><testcase classname="functional.test_functionality.TestAIAssistantAndEdgeCases" name="test_TCF049_very_long_name_not_500" time="0.004" /><testcase classname="functional.test_functionality.TestAIAssistantAndEdgeCases" name="test_TCF050_unicode_in_name_handled" time="0.011" /><testcase classname="functional.test_functionality.TestAdditionalFunctional" name="test_TCF051_duplicate_email_registration_rejected" time="0.009" /><testcase classname="functional.test_functionality.TestAdditionalFunctional" name="test_TCF052_login_wrong_password_returns_401" time="0.017" /><testcase classname="functional.test_functionality.TestAdditionalFunctional" name="test_TCF053_login_nonexistent_email_returns_error" time="0.010" /><testcase classname="functional.test_functionality.TestAdditionalFunctional" name="test_TCF054_expired_token_returns_401" time="0.008" /><testcase classname="functional.test_functionality.TestAdditionalFunctional" name="test_TCF055_oversized_file_handled_gracefully" time="5.275" /><testcase classname="functional.test_functionality.TestAdditionalFunctional" name="test_TCF056_concurrent_uploads_no_collision" time="0.425" /><testcase classname="functional.test_functionality.TestAdditionalFunctional" name="test_TCF057_rate_limiting_not_500" time="0.029" /><testcase classname="functional.test_functionality.TestAdditionalFunctional" name="test_TCF058_options_preflight_cors" time="0.002" /><testcase classname="functional.test_functionality.TestAdditionalFunctional" name="test_TCF059_health_check_endpoint" time="0.002" /><testcase classname="functional.test_functionality.TestAdditionalFunctional" name="test_TCF060_json_content_type_headers" time="0.008" /><testcase classname="selenium_web.test_real_e2e.TestRealWebE2EFlow" name="test_step1_navigate_to_login" time="7.008" /><testcase classname="selenium_web.test_real_e2e.TestRealWebE2EFlow" name="test_step2_login_or_register_fallback" time="23.057" /><testcase classname="selenium_web.test_real_e2e.TestRealWebE2EFlow" name="test_step3_verify_dashboard_content" time="3.542" /><testcase classname="selenium_web.test_real_e2e.TestRealWebE2EFlow" name="test_step4_verify_upload_screen" time="2.489" /><testcase classname="selenium_web.test_real_e2e.TestRealWebE2EFlow" name="test_step5_ai_assistant_interaction" time="27.947" /><testcase classname="selenium_web.test_real_e2e.TestRealWebE2EFlow" name="test_step6_profile_update" time="10.503" /><testcase classname="selenium_web.test_real_e2e.TestRealWebE2EFlow" name="test_step7_logout" time="30.804" /><testcase classname="selenium_web.test_selenium_web.TestPageLoad" name="test_TCS001_site_loads_successfully" time="2.746" /><testcase classname="selenium_web.test_selenium_web.TestPageLoad" name="test_TCS002_page_title_not_empty" time="2.041" /><testcase classname="selenium_web.test_selenium_web.TestPageLoad" name="test_TCS003_page_title_contains_app_name" time="0.065" /><testcase classname="selenium_web.test_selenium_web.TestPageLoad" name="test_TCS004_html_lang_attribute_present" time="0.051" /><testcase classname="selenium_web.test_selenium_web.TestPageLoad" name="test_TCS005_viewport_meta_tag_present" time="0.039" /><testcase classname="selenium_web.test_selenium_web.TestPageLoad" name="test_TCS006_no_javascript_errors_on_load" time="2.043" /><testcase classname="selenium_web.test_selenium_web.TestPageLoad" name="test_TCS007_page_responds_within_5_seconds" time="0.041" /><testcase classname="selenium_web.test_selenium_web.TestPageLoad" name="test_TCS008_root_element_present" time="2.051" /><testcase classname="selenium_web.test_selenium_web.TestPageLoad" name="test_TCS009_page_has_meaningful_content" time="3.059" /><testcase classname="selenium_web.test_selenium_web.TestPageLoad" name="test_TCS010_no_404_or_500_error_page" time="0.043" /><testcase classname="selenium_web.test_selenium_web.TestLoginScreenUI" name="test_TCS011_login_or_auth_screen_visible" time="3.046" /><testcase classname="selenium_web.test_selenium_web.TestLoginScreenUI" name="test_TCS012_email_input_field_exists" time="3.069" /><testcase classname="selenium_web.test_selenium_web.TestLoginScreenUI" name="test_TCS013_password_input_exists" time="3.079" /><testcase classname="selenium_web.test_selenium_web.TestLoginScreenUI" name="test_TCS014_login_button_visible" time="3.075" /><testcase classname="selenium_web.test_selenium_web.TestLoginScreenUI" name="test_TCS015_forgot_password_link_visible" time="3.071" /><testcase classname="selenium_web.test_selenium_web.TestLoginScreenUI" name="test_TCS016_signup_link_exists" time="3.085" /><testcase classname="selenium_web.test_selenium_web.TestLoginScreenUI" name="test_TCS017_login_form_not_500" time="0.052" /><testcase classname="selenium_web.test_selenium_web.TestLoginScreenUI" name="test_TCS018_page_renders_within_reasonable_time" time="3.039" /><testcase classname="selenium_web.test_selenium_web.TestLoginScreenUI" name="test_TCS019_logo_or_branding_present" time="3.081" /><testcase classname="selenium_web.test_selenium_web.TestLoginScreenUI" name="test_TCS020_no_blank_screen_after_load" time="4.038" /><testcase classname="selenium_web.test_selenium_web.TestRegistrationScreenUI" name="test_TCS021_registration_route_accessible" time="9.413" /><testcase classname="selenium_web.test_selenium_web.TestRegistrationScreenUI" name="test_TCS022_registration_page_not_404" time="2.068" /><testcase classname="selenium_web.test_selenium_web.TestRegistrationScreenUI" name="test_TCS023_name_field_on_registration" time="9.306" /><testcase classname="selenium_web.test_selenium_web.TestRegistrationScreenUI" name="test_TCS024_email_field_on_registration" time="9.267" /><testcase classname="selenium_web.test_selenium_web.TestRegistrationScreenUI" name="test_TCS025_password_fields_on_registration" time="9.370" /><testcase classname="selenium_web.test_selenium_web.TestRegistrationScreenUI" name="test_TCS026_role_selection_on_registration" time="9.252" /><testcase classname="selenium_web.test_selenium_web.TestRegistrationScreenUI" name="test_TCS027_submit_button_on_registration" time="9.333" /><testcase classname="selenium_web.test_selenium_web.TestRegistrationScreenUI" name="test_TCS028_back_to_login_on_registration" time="9.277" /><testcase classname="selenium_web.test_selenium_web.TestRegistrationScreenUI" name="test_TCS029_registration_form_not_crashed" time="9.257" /><testcase classname="selenium_web.test_selenium_web.TestRegistrationScreenUI" name="test_TCS030_page_scroll_on_registration" time="9.821" /><testcase classname="selenium_web.test_selenium_web.TestNavigationRouting" name="test_TCS031_base_url_resolves" time="0.047" /><testcase classname="selenium_web.test_selenium_web.TestNavigationRouting" name="test_TCS032_browser_back_button_works" time="3.066" /><testcase classname="selenium_web.test_selenium_web.TestNavigationRouting" name="test_TCS033_browser_forward_button_works" time="3.097" /><testcase classname="selenium_web.test_selenium_web.TestNavigationRouting" name="test_TCS034_refresh_does_not_crash" time="4.154" /><testcase classname="selenium_web.test_selenium_web.TestNavigationRouting" name="test_TCS035_404_route_handled_gracefully" time="2.085" /><testcase classname="selenium_web.test_selenium_web.TestNavigationRouting" name="test_TCS036_direct_url_access_works" time="0.051" /><testcase classname="selenium_web.test_selenium_web.TestNavigationRouting" name="test_TCS037_window_resize_does_not_crash" time="4.092" /><testcase classname="selenium_web.test_selenium_web.TestNavigationRouting" name="test_TCS038_mobile_viewport_layout_valid" time="3.186" /><testcase classname="selenium_web.test_selenium_web.TestNavigationRouting" name="test_TCS039_tablet_viewport_renders" time="3.103" /><testcase classname="selenium_web.test_selenium_web.TestNavigationRouting" name="test_TCS040_page_url_does_not_change_unexpectedly" time="3.062" /><testcase classname="selenium_web.test_selenium_web.TestDashboardUI" name="test_TCS041_dashboard_route_accessible" time="3.059" /><testcase classname="selenium_web.test_selenium_web.TestDashboardUI" name="test_TCS042_dashboard_no_error_state" time="3.061" /><testcase classname="selenium_web.test_selenium_web.TestDashboardUI" name="test_TCS043_stat_cards_or_metrics_visible" time="3.060" /><testcase classname="selenium_web.test_selenium_web.TestDashboardUI" name="test_TCS044_dashboard_header_visible" time="3.061" /><testcase classname="selenium_web.test_selenium_web.TestDashboardUI" name="test_TCS045_no_broken_images_in_dashboard" time="8.095" /><testcase classname="selenium_web.test_selenium_web.TestDashboardUI" name="test_TCS046_tab_bar_or_bottom_nav_visible" time="3.062" /><testcase classname="selenium_web.test_selenium_web.TestDashboardUI" name="test_TCS047_greeting_message_present" time="3.085" /><testcase classname="selenium_web.test_selenium_web.TestDashboardUI" name="test_TCS048_page_scrollable" time="3.364" /><testcase classname="selenium_web.test_selenium_web.TestDashboardUI" name="test_TCS049_recent_reports_section_present" time="3.052" /><testcase classname="selenium_web.test_selenium_web.TestDashboardUI" name="test_TCS050_logout_option_accessible" time="3.061" /><testcase classname="selenium_web.test_selenium_web.TestUploadScreenUI" name="test_TCS051_upload_route_accessible" time="5.500" /><testcase classname="selenium_web.test_selenium_web.TestUploadScreenUI" name="test_TCS052_file_picker_or_dropzone_present" time="5.152" /><testcase classname="selenium_web.test_selenium_web.TestUploadScreenUI" name="test_TCS053_report_type_selector_present" time="5.124" /><testcase classname="selenium_web.test_selenium_web.TestUploadScreenUI" name="test_TCS054_analyse_button_present" time="5.148" /><testcase classname="selenium_web.test_selenium_web.TestUploadScreenUI" name="test_TCS055_supported_formats_info_visible" time="5.112" /><testcase classname="selenium_web.test_selenium_web.TestUploadScreenUI" name="test_TCS056_upload_area_not_crashed" time="5.150" /><testcase classname="selenium_web.test_selenium_web.TestUploadScreenUI" name="test_TCS057_upload_screen_has_title" time="5.122" /><testcase classname="selenium_web.test_selenium_web.TestUploadScreenUI" name="test_TCS058_report_type_auto_present" time="5.124" /><testcase classname="selenium_web.test_selenium_web.TestUploadScreenUI" name="test_TCS059_instructions_or_helper_text_visible" time="5.123" /><testcase classname="selenium_web.test_selenium_web.TestUploadScreenUI" name="test_TCS060_upload_page_responsive_on_mobile" time="6.203" /><testcase classname="selenium_web.test_selenium_web.TestAccessibilitySematics" name="test_TCS061_html5_doctype_used" time="0.043" /><testcase classname="selenium_web.test_selenium_web.TestAccessibilitySematics" name="test_TCS062_images_have_alt_text" time="8.065" /><testcase classname="selenium_web.test_selenium_web.TestAccessibilitySematics" name="test_TCS063_buttons_are_keyboard_focusable" time="8.138" /><testcase classname="selenium_web.test_selenium_web.TestAccessibilitySematics" name="test_TCS064_no_inline_styles_blocking_text" time="3.105" /><testcase classname="selenium_web.test_selenium_web.TestAccessibilitySematics" name="test_TCS065_page_has_proper_structure" time="3.053" /><testcase classname="selenium_web.test_selenium_web.TestAccessibilitySematics" name="test_TCS066_colour_contrast_basic" time="3.077" /><testcase classname="selenium_web.test_selenium_web.TestAccessibilitySematics" name="test_TCS067_form_labels_present" time="3.091" /><testcase classname="selenium_web.test_selenium_web.TestAccessibilitySematics" name="test_TCS068_tab_key_navigation_does_not_crash" time="3.821" /><testcase classname="selenium_web.test_selenium_web.TestAccessibilitySematics" name="test_TCS069_escape_key_does_not_crash" time="2.083" /><testcase classname="selenium_web.test_selenium_web.TestAccessibilitySematics" name="test_TCS070_page_title_length_reasonable" time="0.079" /><testcase classname="selenium_web.test_selenium_web.TestPerformanceAndErrorHandling" name="test_TCS071_page_load_under_10s" time="3.046" /><testcase classname="selenium_web.test_selenium_web.TestPerformanceAndErrorHandling" name="test_TCS072_dom_content_loaded_event_fires" time="3.086" /><testcase classname="selenium_web.test_selenium_web.TestPerformanceAndErrorHandling" name="test_TCS073_no_infinite_redirect" time="3.093" /><testcase classname="selenium_web.test_selenium_web.TestPerformanceAndErrorHandling" name="test_TCS074_assets_not_blocked_by_cors" time="3.102" /><testcase classname="selenium_web.test_selenium_web.TestPerformanceAndErrorHandling" name="test_TCS075_page_does_not_leak_api_keys" time="3.099" /><testcase classname="selenium_web.test_selenium_web.TestPerformanceAndErrorHandling" name="test_TCS076_source_not_minified_error" time="0.048" /><testcase classname="selenium_web.test_selenium_web.TestPerformanceAndErrorHandling" name="test_TCS077_google_fonts_or_cdn_not_required" time="3.047" /><testcase classname="selenium_web.test_selenium_web.TestPerformanceAndErrorHandling" name="test_TCS078_window_scroll_no_layout_shift" time="3.892" /><testcase classname="selenium_web.test_selenium_web.TestPerformanceAndErrorHandling" name="test_TCS079_browser_history_length_reasonable" time="3.090" /><testcase classname="selenium_web.test_selenium_web.TestPerformanceAndErrorHandling" name="test_TCS080_cookies_set_with_reasonable_attributes" time="3.132" /><testcase classname="selenium_web.test_selenium_web.TestAdditionalWebTests" name="test_TCS081_css_stylesheets_loaded" time="3.076" /><testcase classname="selenium_web.test_selenium_web.TestAdditionalWebTests" name="test_TCS082_javascript_bundle_executing" time="3.056" /><testcase classname="selenium_web.test_selenium_web.TestAdditionalWebTests" name="test_TCS083_no_mixed_content_in_source" time="3.090" /><testcase classname="selenium_web.test_selenium_web.TestAdditionalWebTests" name="test_TCS084_favicon_present" time="7.117" /><testcase classname="selenium_web.test_selenium_web.TestAdditionalWebTests" name="test_TCS085_page_weight_under_5mb" time="3.076" /><testcase classname="selenium_web.test_selenium_web.TestAdditionalWebTests" name="test_TCS086_content_security_policy_present" time="7.128" /><testcase classname="selenium_web.test_selenium_web.TestAdditionalWebTests" name="test_TCS087_click_body_no_unexpected_popup" time="4.148" /><testcase classname="selenium_web.test_selenium_web.TestAdditionalWebTests" name="test_TCS088_double_click_no_duplicate_action" time="4.452" /><testcase classname="selenium_web.test_selenium_web.TestAdditionalWebTests" name="test_TCS089_noscript_or_graceful_degradation" time="2.083" /><testcase classname="selenium_web.test_selenium_web.TestAdditionalWebTests" name="test_TCS090_rapid_refresh_resilience" time="7.351" /></testsuite></testsuites>