<?xml version="1.0" encoding="utf-8"?><testsuites><testsuite name="pytest" errors="0" failures="0" skipped="0" tests="97" time="452.952" timestamp="2026-06-16T22:41:00.448189" hostname="ARAGONDARMs-MacBook-Air.local"><testcase classname="selenium_web.test_real_e2e.TestRealWebE2EFlow" name="test_step1_navigate_to_login" time="5.740" /><testcase classname="selenium_web.test_real_e2e.TestRealWebE2EFlow" name="test_step2_login_or_register_fallback" time="22.712" /><testcase classname="selenium_web.test_real_e2e.TestRealWebE2EFlow" name="test_step3_verify_dashboard_content" time="3.609" /><testcase classname="selenium_web.test_real_e2e.TestRealWebE2EFlow" name="test_step4_verify_upload_screen" time="2.456" /><testcase classname="selenium_web.test_real_e2e.TestRealWebE2EFlow" name="test_step5_ai_assistant_interaction" time="27.884" /><testcase classname="selenium_web.test_real_e2e.TestRealWebE2EFlow" name="test_step6_profile_update" time="10.449" /><testcase classname="selenium_web.test_real_e2e.TestRealWebE2EFlow" name="test_step7_logout" time="30.691" /><testcase classname="selenium_web.test_selenium_web.TestPageLoad" name="test_TCS001_site_loads_successfully" time="2.207" /><testcase classname="selenium_web.test_selenium_web.TestPageLoad" name="test_TCS002_page_title_not_empty" time="2.062" /><testcase classname="selenium_web.test_selenium_web.TestPageLoad" name="test_TCS003_page_title_contains_app_name" time="0.069" /><testcase classname="selenium_web.test_selenium_web.TestPageLoad" name="test_TCS004_html_lang_attribute_present" time="0.062" /><testcase classname="selenium_web.test_selenium_web.TestPageLoad" name="test_TCS005_viewport_meta_tag_present" time="0.211" /><testcase classname="selenium_web.test_selenium_web.TestPageLoad" name="test_TCS006_no_javascript_errors_on_load" time="2.062" /><testcase classname="selenium_web.test_selenium_web.TestPageLoad" name="test_TCS007_page_responds_within_5_seconds" time="0.071" /><testcase classname="selenium_web.test_selenium_web.TestPageLoad" name="test_TCS008_root_element_present" time="2.241" /><testcase classname="selenium_web.test_selenium_web.TestPageLoad" name="test_TCS009_page_has_meaningful_content" time="3.052" /><testcase classname="selenium_web.test_selenium_web.TestPageLoad" name="test_TCS010_no_404_or_500_error_page" time="0.063" /><testcase classname="selenium_web.test_selenium_web.TestLoginScreenUI" name="test_TCS011_login_or_auth_screen_visible" time="3.075" /><testcase classname="selenium_web.test_selenium_web.TestLoginScreenUI" name="test_TCS012_email_input_field_exists" time="3.060" /><testcase classname="selenium_web.test_selenium_web.TestLoginScreenUI" name="test_TCS013_password_input_exists" time="3.052" /><testcase classname="selenium_web.test_selenium_web.TestLoginScreenUI" name="test_TCS014_login_button_visible" time="3.062" /><testcase classname="selenium_web.test_selenium_web.TestLoginScreenUI" name="test_TCS015_forgot_password_link_visible" time="3.084" /><testcase classname="selenium_web.test_selenium_web.TestLoginScreenUI" name="test_TCS016_signup_link_exists" time="3.055" /><testcase classname="selenium_web.test_selenium_web.TestLoginScreenUI" name="test_TCS017_login_form_not_500" time="0.059" /><testcase classname="selenium_web.test_selenium_web.TestLoginScreenUI" name="test_TCS018_page_renders_within_reasonable_time" time="3.038" /><testcase classname="selenium_web.test_selenium_web.TestLoginScreenUI" name="test_TCS019_logo_or_branding_present" time="3.074" /><testcase classname="selenium_web.test_selenium_web.TestLoginScreenUI" name="test_TCS020_no_blank_screen_after_load" time="4.061" /><testcase classname="selenium_web.test_selenium_web.TestRegistrationScreenUI" name="test_TCS021_registration_route_accessible" time="9.304" /><testcase classname="selenium_web.test_selenium_web.TestRegistrationScreenUI" name="test_TCS022_registration_page_not_404" time="2.066" /><testcase classname="selenium_web.test_selenium_web.TestRegistrationScreenUI" name="test_TCS023_name_field_on_registration" time="9.270" /><testcase classname="selenium_web.test_selenium_web.TestRegistrationScreenUI" name="test_TCS024_email_field_on_registration" time="9.265" /><testcase classname="selenium_web.test_selenium_web.TestRegistrationScreenUI" name="test_TCS025_password_fields_on_registration" time="9.270" /><testcase classname="selenium_web.test_selenium_web.TestRegistrationScreenUI" name="test_TCS026_role_selection_on_registration" time="9.276" /><testcase classname="selenium_web.test_selenium_web.TestRegistrationScreenUI" name="test_TCS027_submit_button_on_registration" time="9.266" /><testcase classname="selenium_web.test_selenium_web.TestRegistrationScreenUI" name="test_TCS028_back_to_login_on_registration" time="9.295" /><testcase classname="selenium_web.test_selenium_web.TestRegistrationScreenUI" name="test_TCS029_registration_form_not_crashed" time="9.610" /><testcase classname="selenium_web.test_selenium_web.TestRegistrationScreenUI" name="test_TCS030_page_scroll_on_registration" time="9.821" /><testcase classname="selenium_web.test_selenium_web.TestNavigationRouting" name="test_TCS031_base_url_resolves" time="0.093" /><testcase classname="selenium_web.test_selenium_web.TestNavigationRouting" name="test_TCS032_browser_back_button_works" time="3.072" /><testcase classname="selenium_web.test_selenium_web.TestNavigationRouting" name="test_TCS033_browser_forward_button_works" time="3.066" /><testcase classname="selenium_web.test_selenium_web.TestNavigationRouting" name="test_TCS034_refresh_does_not_crash" time="4.150" /><testcase classname="selenium_web.test_selenium_web.TestNavigationRouting" name="test_TCS035_404_route_handled_gracefully" time="2.099" /><testcase classname="selenium_web.test_selenium_web.TestNavigationRouting" name="test_TCS036_direct_url_access_works" time="0.052" /><testcase classname="selenium_web.test_selenium_web.TestNavigationRouting" name="test_TCS037_window_resize_does_not_crash" time="4.109" /><testcase classname="selenium_web.test_selenium_web.TestNavigationRouting" name="test_TCS038_mobile_viewport_layout_valid" time="3.104" /><testcase classname="selenium_web.test_selenium_web.TestNavigationRouting" name="test_TCS039_tablet_viewport_renders" time="3.121" /><testcase classname="selenium_web.test_selenium_web.TestNavigationRouting" name="test_TCS040_page_url_does_not_change_unexpectedly" time="3.059" /><testcase classname="selenium_web.test_selenium_web.TestDashboardUI" name="test_TCS041_dashboard_route_accessible" time="3.086" /><testcase classname="selenium_web.test_selenium_web.TestDashboardUI" name="test_TCS042_dashboard_no_error_state" time="3.072" /><testcase classname="selenium_web.test_selenium_web.TestDashboardUI" name="test_TCS043_stat_cards_or_metrics_visible" time="3.057" /><testcase classname="selenium_web.test_selenium_web.TestDashboardUI" name="test_TCS044_dashboard_header_visible" time="3.081" /><testcase classname="selenium_web.test_selenium_web.TestDashboardUI" name="test_TCS045_no_broken_images_in_dashboard" time="8.100" /><testcase classname="selenium_web.test_selenium_web.TestDashboardUI" name="test_TCS046_tab_bar_or_bottom_nav_visible" time="3.059" /><testcase classname="selenium_web.test_selenium_web.TestDashboardUI" name="test_TCS047_greeting_message_present" time="3.071" /><testcase classname="selenium_web.test_selenium_web.TestDashboardUI" name="test_TCS048_page_scrollable" time="3.373" /><testcase classname="selenium_web.test_selenium_web.TestDashboardUI" name="test_TCS049_recent_reports_section_present" time="3.061" /><testcase classname="selenium_web.test_selenium_web.TestDashboardUI" name="test_TCS050_logout_option_accessible" time="3.059" /><testcase classname="selenium_web.test_selenium_web.TestUploadScreenUI" name="test_TCS051_upload_route_accessible" time="5.469" /><testcase classname="selenium_web.test_selenium_web.TestUploadScreenUI" name="test_TCS052_file_picker_or_dropzone_present" time="5.116" /><testcase classname="selenium_web.test_selenium_web.TestUploadScreenUI" name="test_TCS053_report_type_selector_present" time="5.120" /><testcase classname="selenium_web.test_selenium_web.TestUploadScreenUI" name="test_TCS054_analyse_button_present" time="5.134" /><testcase classname="selenium_web.test_selenium_web.TestUploadScreenUI" name="test_TCS055_supported_formats_info_visible" time="5.145" /><testcase classname="selenium_web.test_selenium_web.TestUploadScreenUI" name="test_TCS056_upload_area_not_crashed" time="5.124" /><testcase classname="selenium_web.test_selenium_web.TestUploadScreenUI" name="test_TCS057_upload_screen_has_title" time="5.108" /><testcase classname="selenium_web.test_selenium_web.TestUploadScreenUI" name="test_TCS058_report_type_auto_present" time="5.119" /><testcase classname="selenium_web.test_selenium_web.TestUploadScreenUI" name="test_TCS059_instructions_or_helper_text_visible" time="5.127" /><testcase classname="selenium_web.test_selenium_web.TestUploadScreenUI" name="test_TCS060_upload_page_responsive_on_mobile" time="6.224" /><testcase classname="selenium_web.test_selenium_web.TestAccessibilitySematics" name="test_TCS061_html5_doctype_used" time="0.063" /><testcase classname="selenium_web.test_selenium_web.TestAccessibilitySematics" name="test_TCS062_images_have_alt_text" time="8.082" /><testcase classname="selenium_web.test_selenium_web.TestAccessibilitySematics" name="test_TCS063_buttons_are_keyboard_focusable" time="8.089" /><testcase classname="selenium_web.test_selenium_web.TestAccessibilitySematics" name="test_TCS064_no_inline_styles_blocking_text" time="3.108" /><testcase classname="selenium_web.test_selenium_web.TestAccessibilitySematics" name="test_TCS065_page_has_proper_structure" time="3.089" /><testcase classname="selenium_web.test_selenium_web.TestAccessibilitySematics" name="test_TCS066_colour_contrast_basic" time="3.051" /><testcase classname="selenium_web.test_selenium_web.TestAccessibilitySematics" name="test_TCS067_form_labels_present" time="3.068" /><testcase classname="selenium_web.test_selenium_web.TestAccessibilitySematics" name="test_TCS068_tab_key_navigation_does_not_crash" time="3.829" /><testcase classname="selenium_web.test_selenium_web.TestAccessibilitySematics" name="test_TCS069_escape_key_does_not_crash" time="2.098" /><testcase classname="selenium_web.test_selenium_web.TestAccessibilitySematics" name="test_TCS070_page_title_length_reasonable" time="0.037" /><testcase classname="selenium_web.test_selenium_web.TestPerformanceAndErrorHandling" name="test_TCS071_page_load_under_10s" time="3.036" /><testcase classname="selenium_web.test_selenium_web.TestPerformanceAndErrorHandling" name="test_TCS072_dom_content_loaded_event_fires" time="3.068" /><testcase classname="selenium_web.test_selenium_web.TestPerformanceAndErrorHandling" name="test_TCS073_no_infinite_redirect" time="3.088" /><testcase classname="selenium_web.test_selenium_web.TestPerformanceAndErrorHandling" name="test_TCS074_assets_not_blocked_by_cors" time="3.102" /><testcase classname="selenium_web.test_selenium_web.TestPerformanceAndErrorHandling" name="test_TCS075_page_does_not_leak_api_keys" time="3.085" /><testcase classname="selenium_web.test_selenium_web.TestPerformanceAndErrorHandling" name="test_TCS076_source_not_minified_error" time="0.046" /><testcase classname="selenium_web.test_selenium_web.TestPerformanceAndErrorHandling" name="test_TCS077_google_fonts_or_cdn_not_required" time="3.055" /><testcase classname="selenium_web.test_selenium_web.TestPerformanceAndErrorHandling" name="test_TCS078_window_scroll_no_layout_shift" time="3.912" /><testcase classname="selenium_web.test_selenium_web.TestPerformanceAndErrorHandling" name="test_TCS079_browser_history_length_reasonable" time="3.096" /><testcase classname="selenium_web.test_selenium_web.TestPerformanceAndErrorHandling" name="test_TCS080_cookies_set_with_reasonable_attributes" time="3.068" /><testcase classname="selenium_web.test_selenium_web.TestAdditionalWebTests" name="test_TCS081_css_stylesheets_loaded" time="3.062" /><testcase classname="selenium_web.test_selenium_web.TestAdditionalWebTests" name="test_TCS082_javascript_bundle_executing" time="3.061" /><testcase classname="selenium_web.test_selenium_web.TestAdditionalWebTests" name="test_TCS083_no_mixed_content_in_source" time="3.078" /><testcase classname="selenium_web.test_selenium_web.TestAdditionalWebTests" name="test_TCS084_favicon_present" time="7.095" /><testcase classname="selenium_web.test_selenium_web.TestAdditionalWebTests" name="test_TCS085_page_weight_under_5mb" time="3.079" /><testcase classname="selenium_web.test_selenium_web.TestAdditionalWebTests" name="test_TCS086_content_security_policy_present" time="7.081" /><testcase classname="selenium_web.test_selenium_web.TestAdditionalWebTests" name="test_TCS087_click_body_no_unexpected_popup" time="4.144" /><testcase classname="selenium_web.test_selenium_web.TestAdditionalWebTests" name="test_TCS088_double_click_no_duplicate_action" time="4.342" /><testcase classname="selenium_web.test_selenium_web.TestAdditionalWebTests" name="test_TCS089_noscript_or_graceful_degradation" time="2.051" /><testcase classname="selenium_web.test_selenium_web.TestAdditionalWebTests" name="test_TCS090_rapid_refresh_resilience" time="7.086" /></testsuite></testsuites>